<?xml version='1.0' encoding='UTF-8'?>
<testsuite hostname="Eriks-MacBook-Pro.local" name="kdtree.KDTreeSpec" tests="19" errors="0" failures="0" skipped="0" time="0.02" timestamp="2026-03-25T21:55:00">
          <properties>
[...]
</properties>
          <testcase classname="kdtree.KDTreeSpec" name="Point should report correct dimensionality" time="0.005">
                      
                    </testcase><testcase classname="kdtree.KDTreeSpec" name="Point should compute squared distance correctly" time="0.002">
                      
                    </testcase><testcase classname="kdtree.KDTreeSpec" name="Point should reject empty coordinate vectors" time="0.001">
                      
                    </testcase><testcase classname="kdtree.KDTreeSpec" name="KDTree.build should produce Empty for an empty input" time="0.001">
                      
                    </testcase><testcase classname="kdtree.KDTreeSpec" name="KDTree.build should contain all inserted points after build" time="0.001">
                      
                    </testcase><testcase classname="kdtree.KDTreeSpec" name="KDTree.build should not report a point that was never inserted" time="0.0">
                      
                    </testcase><testcase classname="kdtree.KDTreeSpec" name="KDTree.insert should add a point to an empty tree" time="0.0">
                      
                    </testcase><testcase classname="kdtree.KDTreeSpec" name="KDTree.insert should handle inserting a duplicate without creating a second node" time="0.0">
                      
                    </testcase><testcase classname="kdtree.KDTreeSpec" name="KDTree.insert should build incrementally and match contains results" time="0.001">
                      
                    </testcase><testcase classname="kdtree.KDTreeSpec" name="KDTree.nearestNeighbor should return None on an empty tree" time="0.0">
                      
                    </testcase><testcase classname="kdtree.KDTreeSpec" name="KDTree.nearestNeighbor should return the only point in a single-node tree" time="0.001">
                      
                    </testcase><testcase classname="kdtree.KDTreeSpec" name="KDTree.nearestNeighbor should find the exact point when it is in the tree" time="0.0">
                      
                    </testcase><testcase classname="kdtree.KDTreeSpec" name="KDTree.nearestNeighbor should find the closest point by Euclidean distance" time="0.001">
                      
                    </testcase><testcase classname="kdtree.KDTreeSpec" name="KDTree.nearestNeighbor should work correctly in 3D" time="0.0">
                      
                    </testcase><testcase classname="kdtree.KDTreeSpec" name="KDTree.rangeSearch should return empty for an empty tree" time="0.001">
                      
                    </testcase><testcase classname="kdtree.KDTreeSpec" name="KDTree.rangeSearch should return all points when the range covers the whole space" time="0.003">
                      
                    </testcase><testcase classname="kdtree.KDTreeSpec" name="KDTree.rangeSearch should return no points when the range is empty" time="0.0">
                      
                    </testcase><testcase classname="kdtree.KDTreeSpec" name="KDTree.rangeSearch should return only points strictly inside the given range" time="0.001">
                      
                    </testcase><testcase classname="kdtree.KDTreeSpec" name="KDTree.rangeSearch should include boundary points (inclusive range)" time="0.002">
                      
                    </testcase>
          <system-out><![CDATA[]]></system-out>
          <system-err><![CDATA[]]></system-err>
        </testsuite>